[05Aug2025 00:08:36.146] [Server thread/INFO] [net.minecraft.server.network.ServerGamePacketListenerImpl/]: Morangg lost connection: Disconnected
[05Aug2025 00:08:36.148] [Server thread/INFO] [net.minecraft.server.MinecraftServer/]: Morangg left the game
[05Aug2025 00:08:51.943] [Server thread/INFO] [net.minecraft.server.MinecraftServer/]: Stopping the server
[05Aug2025 00:08:51.990] [Server thread/INFO] [net.minecraft.server.MinecraftServer/]: Stopping server
[05Aug2025 00:08:51.991] [Server thread/INFO] [net.minecraft.server.MinecraftServer/]: Saving players
[05Aug2025 00:08:51.991] [Server thread/INFO] [net.minecraft.server.MinecraftServer/]: Saving worlds
[05Aug2025 00:08:52.002] [Physics thread/INFO] [Burger Factory/]: Deleting VSPhysicsPipelineStage resources!
[05Aug2025 00:08:52.003] [Physics thread/WARN] [org.valkyrienskies.core.impl.shadow.Ap/]: Physics pipeline ending
[05Aug2025 00:08:52.093] [Server thread/INFO] [net.minecraft.server.MinecraftServer/]: Saving chunks for level 'ServerLevel[Mundo nuevo def3]'/minecraft:overworld
[05Aug2025 00:08:52.098] [DefaultDispatcher-worker-2/INFO] [Burger Factory/]: VSPhysicsPipelineStage is fully deleted!
[05Aug2025 00:08:52.232] [Server thread/INFO] [net.minecraft.server.MinecraftServer/]: Saving chunks for level 'ServerLevel[Mundo nuevo def3]'/minecraft:the_nether
[05Aug2025 00:08:52.233] [Server thread/INFO] [net.minecraft.server.MinecraftServer/]: Saving chunks for level 'ServerLevel[Mundo nuevo def3]'/prehistoricfauna:jurassic
[05Aug2025 00:08:52.233] [Server thread/INFO] [net.minecraft.server.MinecraftServer/]: Saving chunks for level 'ServerLevel[Mundo nuevo def3]'/minecraft:the_end
[05Aug2025 00:08:52.234] [Server thread/INFO] [net.minecraft.server.MinecraftServer/]: Saving chunks for level 'ServerLevel[Mundo nuevo def3]'/prehistoricfauna:cretaceous
[05Aug2025 00:08:52.235] [Server thread/INFO] [net.minecraft.server.MinecraftServer/]: Saving chunks for level 'ServerLevel[Mundo nuevo def3]'/prehistoricfauna:triassic
[05Aug2025 00:08:52.282] [Server thread/INFO] [net.minecraft.server.MinecraftServer/]: ThreadedAnvilChunkStorage (world): All chunks are saved
[05Aug2025 00:08:52.282] [Server thread/INFO] [net.minecraft.server.MinecraftServer/]: ThreadedAnvilChunkStorage (DIM-1): All chunks are saved
[05Aug2025 00:08:52.283] [Server thread/INFO] [net.minecraft.server.MinecraftServer/]: ThreadedAnvilChunkStorage (jurassic): All chunks are saved
[05Aug2025 00:08:52.283] [Server thread/INFO] [net.minecraft.server.MinecraftServer/]: ThreadedAnvilChunkStorage (DIM1): All chunks are saved
[05Aug2025 00:08:52.283] [Server thread/INFO] [net.minecraft.server.MinecraftServer/]: ThreadedAnvilChunkStorage (cretaceous): All chunks are saved
[05Aug2025 00:08:52.283] [Server thread/INFO] [net.minecraft.server.MinecraftServer/]: ThreadedAnvilChunkStorage (triassic): All chunks are saved
[05Aug2025 00:08:52.283] [Server thread/INFO] [net.minecraft.server.MinecraftServer/]: ThreadedAnvilChunkStorage: All dimensions are saved
